\BOOKMARK [1][-]{section.1}{1 Introduction}{}% 1
\BOOKMARK [1][-]{section.2}{2 Methods}{}% 2
\BOOKMARK [2][-]{subsection.2.1}{\(a\) Participants}{section.2}% 3
\BOOKMARK [2][-]{subsection.2.2}{\(b\) Materials and Procedures}{section.2}% 4
\BOOKMARK [3][-]{subsubsection.2.2.1}{i Split-half Array Search}{subsection.2.2}% 5
\BOOKMARK [3][-]{subsubsection.2.2.2}{ii Adaptive Choice Visual Search}{subsection.2.2}% 6
\BOOKMARK [3][-]{subsubsection.2.2.3}{iii Conjunction Foraging}{subsection.2.2}% 7
\BOOKMARK [2][-]{subsection.2.3}{\(c\) Planned Analysis}{section.2}% 8
\BOOKMARK [3][-]{subsubsection.2.3.1}{i Split-half array search}{subsection.2.3}% 9
\BOOKMARK [3][-]{subsubsection.2.3.2}{ii Attentional Control}{subsection.2.3}% 10
\BOOKMARK [3][-]{subsubsection.2.3.3}{iii Conjunction Foraging}{subsection.2.3}% 11
\BOOKMARK [2][-]{subsection.2.4}{\(d\) Exploratory Analysis}{section.2}% 12
\BOOKMARK [1][-]{section.3}{3 Results}{}% 13
\BOOKMARK [2][-]{subsection.3.1}{\(a\) Replication of each paradigm}{section.3}% 14
\BOOKMARK [3][-]{subsubsection.3.1.1}{i Split-half Array Search}{subsection.3.1}% 15
\BOOKMARK [3][-]{subsubsection.3.1.2}{ii Adaptive Choice}{subsection.3.1}% 16
\BOOKMARK [3][-]{subsubsection.3.1.3}{iii Conjunction Foraging}{subsection.3.1}% 17
\BOOKMARK [2][-]{subsection.3.2}{\(b\) Correlations Between Paradigms}{section.3}% 18
\BOOKMARK [1][-]{section.4}{4 Discussion}{}% 19
\BOOKMARK [1][-]{section*.1}{References}{}% 20
